{"/Users/adavari/git/AchieveIt/packages/achieveit-frontend/src/ListTable.js": {"path":"/Users/adavari/git/AchieveIt/packages/achieveit-frontend/src/ListTable.js","statementMap":{"0":{"start":{"line":17,"column":24},"end":{"line":22,"column":3}},"1":{"start":{"line":24,"column":24},"end":{"line":32,"column":3}},"2":{"start":{"line":25,"column":4},"end":{"line":31,"column":5}},"3":{"start":{"line":26,"column":6},"end":{"line":26,"column":63}},"4":{"start":{"line":27,"column":11},"end":{"line":31,"column":5}},"5":{"start":{"line":28,"column":6},"end":{"line":28,"column":65}},"6":{"start":{"line":30,"column":6},"end":{"line":30,"column":66}},"7":{"start":{"line":34,"column":2},"end":{"line":155,"column":4}},"8":{"start":{"line":62,"column":14},"end":{"line":138,"column":16}},"9":{"start":{"line":63,"column":16},"end":{"line":137,"column":18}},"10":{"start":{"line":71,"column":26},"end":{"line":71,"column":79}},"11":{"start":{"line":132,"column":39},"end":{"line":132,"column":76}},"12":{"start":{"line":149,"column":27},"end":{"line":149,"column":63}}},"fnMap":{"0":{"name":"ListTable","decl":{"start":{"line":15,"column":9},"end":{"line":15,"column":18}},"loc":{"start":{"line":15,"column":26},"end":{"line":156,"column":1}},"line":15},"1":{"name":"(anonymous_1)","decl":{"start":{"line":24,"column":24},"end":{"line":24,"column":25}},"loc":{"start":{"line":24,"column":38},"end":{"line":32,"column":3}},"line":24},"2":{"name":"(anonymous_2)","decl":{"start":{"line":61,"column":28},"end":{"line":61,"column":29}},"loc":{"start":{"line":62,"column":14},"end":{"line":138,"column":16}},"line":62},"3":{"name":"(anonymous_3)","decl":{"start":{"line":62,"column":29},"end":{"line":62,"column":30}},"loc":{"start":{"line":62,"column":38},"end":{"line":138,"column":15}},"line":62},"4":{"name":"(anonymous_4)","decl":{"start":{"line":70,"column":34},"end":{"line":70,"column":35}},"loc":{"start":{"line":71,"column":26},"end":{"line":71,"column":79}},"line":71},"5":{"name":"(anonymous_5)","decl":{"start":{"line":132,"column":33},"end":{"line":132,"column":34}},"loc":{"start":{"line":132,"column":39},"end":{"line":132,"column":76}},"line":132},"6":{"name":"(anonymous_6)","decl":{"start":{"line":149,"column":21},"end":{"line":149,"column":22}},"loc":{"start":{"line":149,"column":27},"end":{"line":149,"column":63}},"line":149}},"branchMap":{"0":{"loc":{"start":{"line":25,"column":4},"end":{"line":31,"column":5}},"type":"if","locations":[{"start":{"line":25,"column":4},"end":{"line":31,"column":5}},{"start":{"line":27,"column":11},"end":{"line":31,"column":5}}],"line":25},"1":{"loc":{"start":{"line":27,"column":11},"end":{"line":31,"column":5}},"type":"if","locations":[{"start":{"line":27,"column":11},"end":{"line":31,"column":5}},{"start":{"line":29,"column":11},"end":{"line":31,"column":5}}],"line":27},"2":{"loc":{"start":{"line":38,"column":11},"end":{"line":38,"column":56}},"type":"cond-expr","locations":[{"start":{"line":38,"column":28},"end":{"line":38,"column":42}},{"start":{"line":38,"column":45},"end":{"line":38,"column":56}}],"line":38},"3":{"loc":{"start":{"line":65,"column":27},"end":{"line":65,"column":61}},"type":"cond-expr","locations":[{"start":{"line":65,"column":43},"end":{"line":65,"column":56}},{"start":{"line":65,"column":59},"end":{"line":65,"column":61}}],"line":65},"4":{"loc":{"start":{"line":146,"column":9},"end":{"line":152,"column":9}},"type":"binary-expr","locations":[{"start":{"line":146,"column":9},"end":{"line":146,"column":32}},{"start":{"line":147,"column":10},"end":{"line":151,"column":19}}],"line":146}},"s":{"0":3,"1":3,"2":3,"3":3,"4":0,"5":0,"6":0,"7":3,"8":3,"9":3,"10":0,"11":1,"12":0},"f":{"0":3,"1":3,"2":3,"3":3,"4":0,"5":1,"6":0},"b":{"0":[3,0],"1":[0,0],"2":[0,3],"3":[0,3],"4":[3,3]},"_coverageSchema":"1a1c01bbd47fc00a2c39e90264f33305004495a9","hash":"702ea4446ffdaf7c2c252785968cead2672bb05d"}
,"/Users/adavari/git/AchieveIt/packages/achieveit-frontend/src/NewItem.js": {"path":"/Users/adavari/git/AchieveIt/packages/achieveit-frontend/src/NewItem.js","statementMap":{"0":{"start":{"line":16,"column":26},"end":{"line":16,"column":38}},"1":{"start":{"line":17,"column":30},"end":{"line":17,"column":42}},"2":{"start":{"line":19,"column":52},"end":{"line":19,"column":67}},"3":{"start":{"line":21,"column":19},"end":{"line":32,"column":3}},"4":{"start":{"line":22,"column":4},"end":{"line":25,"column":7}},"5":{"start":{"line":27,"column":4},"end":{"line":31,"column":9}},"6":{"start":{"line":28,"column":6},"end":{"line":31,"column":9}},"7":{"start":{"line":34,"column":19},"end":{"line":38,"column":3}},"8":{"start":{"line":40,"column":23},"end":{"line":56,"column":3}},"9":{"start":{"line":41,"column":47},"end":{"line":41,"column":51}},"10":{"start":{"line":42,"column":22},"end":{"line":42,"column":24}},"11":{"start":{"line":44,"column":18},"end":{"line":44,"column":55}},"12":{"start":{"line":46,"column":4},"end":{"line":46,"column":70}},"13":{"start":{"line":46,"column":30},"end":{"line":46,"column":70}},"14":{"start":{"line":47,"column":4},"end":{"line":49,"column":63}},"15":{"start":{"line":47,"column":30},"end":{"line":47,"column":77}},"16":{"start":{"line":48,"column":9},"end":{"line":49,"column":63}},"17":{"start":{"line":49,"column":6},"end":{"line":49,"column":63}},"18":{"start":{"line":50,"column":4},"end":{"line":51,"column":55}},"19":{"start":{"line":51,"column":6},"end":{"line":51,"column":55}},"20":{"start":{"line":52,"column":4},"end":{"line":53,"column":56}},"21":{"start":{"line":53,"column":6},"end":{"line":53,"column":56}},"22":{"start":{"line":55,"column":4},"end":{"line":55,"column":21}},"23":{"start":{"line":58,"column":22},"end":{"line":62,"column":3}},"24":{"start":{"line":59,"column":4},"end":{"line":59,"column":16}},"25":{"start":{"line":60,"column":4},"end":{"line":60,"column":18}},"26":{"start":{"line":61,"column":4},"end":{"line":61,"column":14}},"27":{"start":{"line":64,"column":23},"end":{"line":83,"column":3}},"28":{"start":{"line":65,"column":4},"end":{"line":65,"column":27}},"29":{"start":{"line":67,"column":23},"end":{"line":67,"column":37}},"30":{"start":{"line":68,"column":4},"end":{"line":82,"column":5}},"31":{"start":{"line":69,"column":6},"end":{"line":69,"column":28}},"32":{"start":{"line":71,"column":6},"end":{"line":71,"column":20}},"33":{"start":{"line":72,"column":22},"end":{"line":79,"column":7}},"34":{"start":{"line":81,"column":6},"end":{"line":81,"column":47}},"35":{"start":{"line":85,"column":2},"end":{"line":207,"column":4}},"36":{"start":{"line":108,"column":12},"end":{"line":202,"column":15}},"37":{"start":{"line":121,"column":39},"end":{"line":121,"column":71}},"38":{"start":{"line":136,"column":39},"end":{"line":136,"column":78}},"39":{"start":{"line":149,"column":39},"end":{"line":149,"column":71}},"40":{"start":{"line":164,"column":39},"end":{"line":164,"column":75}},"41":{"start":{"line":169,"column":24},"end":{"line":171,"column":37}},"42":{"start":{"line":183,"column":39},"end":{"line":183,"column":75}},"43":{"start":{"line":188,"column":24},"end":{"line":190,"column":37}}},"fnMap":{"0":{"name":"NewItem","decl":{"start":{"line":15,"column":9},"end":{"line":15,"column":16}},"loc":{"start":{"line":15,"column":24},"end":{"line":208,"column":1}},"line":15},"1":{"name":"(anonymous_1)","decl":{"start":{"line":21,"column":19},"end":{"line":21,"column":20}},"loc":{"start":{"line":21,"column":37},"end":{"line":32,"column":3}},"line":21},"2":{"name":"(anonymous_2)","decl":{"start":{"line":40,"column":23},"end":{"line":40,"column":24}},"loc":{"start":{"line":40,"column":29},"end":{"line":56,"column":3}},"line":40},"3":{"name":"(anonymous_3)","decl":{"start":{"line":58,"column":22},"end":{"line":58,"column":23}},"loc":{"start":{"line":58,"column":33},"end":{"line":62,"column":3}},"line":58},"4":{"name":"(anonymous_4)","decl":{"start":{"line":64,"column":23},"end":{"line":64,"column":24}},"loc":{"start":{"line":64,"column":34},"end":{"line":83,"column":3}},"line":64},"5":{"name":"(anonymous_5)","decl":{"start":{"line":107,"column":11},"end":{"line":107,"column":12}},"loc":{"start":{"line":108,"column":12},"end":{"line":202,"column":15}},"line":108},"6":{"name":"(anonymous_6)","decl":{"start":{"line":121,"column":32},"end":{"line":121,"column":33}},"loc":{"start":{"line":121,"column":39},"end":{"line":121,"column":71}},"line":121},"7":{"name":"(anonymous_7)","decl":{"start":{"line":136,"column":32},"end":{"line":136,"column":33}},"loc":{"start":{"line":136,"column":39},"end":{"line":136,"column":78}},"line":136},"8":{"name":"(anonymous_8)","decl":{"start":{"line":149,"column":32},"end":{"line":149,"column":33}},"loc":{"start":{"line":149,"column":39},"end":{"line":149,"column":71}},"line":149},"9":{"name":"(anonymous_9)","decl":{"start":{"line":164,"column":32},"end":{"line":164,"column":33}},"loc":{"start":{"line":164,"column":39},"end":{"line":164,"column":75}},"line":164},"10":{"name":"(anonymous_10)","decl":{"start":{"line":168,"column":36},"end":{"line":168,"column":37}},"loc":{"start":{"line":169,"column":24},"end":{"line":171,"column":37}},"line":169},"11":{"name":"(anonymous_11)","decl":{"start":{"line":183,"column":32},"end":{"line":183,"column":33}},"loc":{"start":{"line":183,"column":39},"end":{"line":183,"column":75}},"line":183},"12":{"name":"(anonymous_12)","decl":{"start":{"line":187,"column":38},"end":{"line":187,"column":39}},"loc":{"start":{"line":188,"column":24},"end":{"line":190,"column":37}},"line":188}},"branchMap":{"0":{"loc":{"start":{"line":27,"column":4},"end":{"line":31,"column":9}},"type":"if","locations":[{"start":{"line":27,"column":4},"end":{"line":31,"column":9}},{"start":{},"end":{}}],"line":27},"1":{"loc":{"start":{"line":46,"column":4},"end":{"line":46,"column":70}},"type":"if","locations":[{"start":{"line":46,"column":4},"end":{"line":46,"column":70}},{"start":{},"end":{}}],"line":46},"2":{"loc":{"start":{"line":46,"column":8},"end":{"line":46,"column":28}},"type":"binary-expr","locations":[{"start":{"line":46,"column":8},"end":{"line":46,"column":13}},{"start":{"line":46,"column":17},"end":{"line":46,"column":28}}],"line":46},"3":{"loc":{"start":{"line":47,"column":4},"end":{"line":49,"column":63}},"type":"if","locations":[{"start":{"line":47,"column":4},"end":{"line":49,"column":63}},{"start":{"line":48,"column":9},"end":{"line":49,"column":63}}],"line":47},"4":{"loc":{"start":{"line":47,"column":8},"end":{"line":47,"column":28}},"type":"binary-expr","locations":[{"start":{"line":47,"column":8},"end":{"line":47,"column":13}},{"start":{"line":47,"column":17},"end":{"line":47,"column":28}}],"line":47},"5":{"loc":{"start":{"line":48,"column":9},"end":{"line":49,"column":63}},"type":"if","locations":[{"start":{"line":48,"column":9},"end":{"line":49,"column":63}},{"start":{},"end":{}}],"line":48},"6":{"loc":{"start":{"line":50,"column":4},"end":{"line":51,"column":55}},"type":"if","locations":[{"start":{"line":50,"column":4},"end":{"line":51,"column":55}},{"start":{},"end":{}}],"line":50},"7":{"loc":{"start":{"line":50,"column":8},"end":{"line":50,"column":51}},"type":"binary-expr","locations":[{"start":{"line":50,"column":8},"end":{"line":50,"column":17}},{"start":{"line":50,"column":21},"end":{"line":50,"column":51}}],"line":50},"8":{"loc":{"start":{"line":52,"column":4},"end":{"line":53,"column":56}},"type":"if","locations":[{"start":{"line":52,"column":4},"end":{"line":53,"column":56}},{"start":{},"end":{}}],"line":52},"9":{"loc":{"start":{"line":52,"column":8},"end":{"line":52,"column":52}},"type":"binary-expr","locations":[{"start":{"line":52,"column":8},"end":{"line":52,"column":17}},{"start":{"line":52,"column":21},"end":{"line":52,"column":52}}],"line":52},"10":{"loc":{"start":{"line":68,"column":4},"end":{"line":82,"column":5}},"type":"if","locations":[{"start":{"line":68,"column":4},"end":{"line":82,"column":5}},{"start":{"line":70,"column":11},"end":{"line":82,"column":5}}],"line":68},"11":{"loc":{"start":{"line":100,"column":12},"end":{"line":100,"column":63}},"type":"cond-expr","locations":[{"start":{"line":100,"column":27},"end":{"line":100,"column":43}},{"start":{"line":100,"column":46},"end":{"line":100,"column":63}}],"line":100}},"s":{"0":3,"1":3,"2":3,"3":3,"4":0,"5":0,"6":0,"7":3,"8":3,"9":0,"10":0,"11":0,"12":0,"13":0,"14":0,"15":0,"16":0,"17":0,"18":0,"19":0,"20":0,"21":0,"22":0,"23":3,"24":0,"25":0,"26":0,"27":3,"28":0,"29":0,"30":0,"31":0,"32":0,"33":0,"34":0,"35":3,"36":0,"37":0,"38":0,"39":0,"40":0,"41":0,"42":0,"43":0},"f":{"0":3,"1":0,"2":0,"3":0,"4":0,"5":0,"6":0,"7":0,"8":0,"9":0,"10":0,"11":0,"12":0},"b":{"0":[0,0],"1":[0,0],"2":[0,0],"3":[0,0],"4":[0,0],"5":[0,0],"6":[0,0],"7":[0,0],"8":[0,0],"9":[0,0],"10":[0,0],"11":[0,3]},"_coverageSchema":"1a1c01bbd47fc00a2c39e90264f33305004495a9","hash":"456c03e7a04357707e0166166a761699d5dc4637"}
}
