TN:
SF:src/ListTable.js
FN:15,ListTable
FN:24,(anonymous_1)
FN:61,(anonymous_2)
FN:62,(anonymous_3)
FN:70,(anonymous_4)
FN:132,(anonymous_5)
FN:149,(anonymous_6)
FNF:7
FNH:5
FNDA:3,ListTable
FNDA:3,(anonymous_1)
FNDA:3,(anonymous_2)
FNDA:3,(anonymous_3)
FNDA:0,(anonymous_4)
FNDA:1,(anonymous_5)
FNDA:0,(anonymous_6)
DA:17,3
DA:24,3
DA:25,3
DA:26,3
DA:27,0
DA:28,0
DA:30,0
DA:34,3
DA:62,3
DA:63,3
DA:71,0
DA:132,1
DA:149,0
LF:13
LH:8
BRDA:25,0,0,3
BRDA:25,0,1,0
BRDA:27,1,0,0
BRDA:27,1,1,0
BRDA:38,2,0,0
BRDA:38,2,1,3
BRDA:65,3,0,0
BRDA:65,3,1,3
BRDA:146,4,0,3
BRDA:146,4,1,3
BRF:10
BRH:5
end_of_record
TN:
SF:src/NewItem.js
FN:15,NewItem
FN:21,(anonymous_1)
FN:40,(anonymous_2)
FN:58,(anonymous_3)
FN:64,(anonymous_4)
FN:107,(anonymous_5)
FN:121,(anonymous_6)
FN:136,(anonymous_7)
FN:149,(anonymous_8)
FN:164,(anonymous_9)
FN:168,(anonymous_10)
FN:183,(anonymous_11)
FN:187,(anonymous_12)
FNF:13
FNH:1
FNDA:3,NewItem
FNDA:0,(anonymous_1)
FNDA:0,(anonymous_2)
FNDA:0,(anonymous_3)
FNDA:0,(anonymous_4)
FNDA:0,(anonymous_5)
FNDA:0,(anonymous_6)
FNDA:0,(anonymous_7)
FNDA:0,(anonymous_8)
FNDA:0,(anonymous_9)
FNDA:0,(anonymous_10)
FNDA:0,(anonymous_11)
FNDA:0,(anonymous_12)
DA:16,3
DA:17,3
DA:19,3
DA:21,3
DA:22,0
DA:27,0
DA:28,0
DA:34,3
DA:40,3
DA:41,0
DA:42,0
DA:44,0
DA:46,0
DA:47,0
DA:48,0
DA:49,0
DA:50,0
DA:51,0
DA:52,0
DA:53,0
DA:55,0
DA:58,3
DA:59,0
DA:60,0
DA:61,0
DA:64,3
DA:65,0
DA:67,0
DA:68,0
DA:69,0
DA:71,0
DA:72,0
DA:81,0
DA:85,3
DA:108,0
DA:121,0
DA:136,0
DA:149,0
DA:164,0
DA:169,0
DA:183,0
DA:188,0
LF:42
LH:9
BRDA:27,0,0,0
BRDA:27,0,1,0
BRDA:46,1,0,0
BRDA:46,1,1,0
BRDA:46,2,0,0
BRDA:46,2,1,0
BRDA:47,3,0,0
BRDA:47,3,1,0
BRDA:47,4,0,0
BRDA:47,4,1,0
BRDA:48,5,0,0
BRDA:48,5,1,0
BRDA:50,6,0,0
BRDA:50,6,1,0
BRDA:50,7,0,0
BRDA:50,7,1,0
BRDA:52,8,0,0
BRDA:52,8,1,0
BRDA:52,9,0,0
BRDA:52,9,1,0
BRDA:68,10,0,0
BRDA:68,10,1,0
BRDA:100,11,0,0
BRDA:100,11,1,3
BRF:24
BRH:1
end_of_record
