TN:
SF:src/ListTable.js
FN:7,ListTable
FN:29,(anonymous_1)
FN:32,(anonymous_2)
FN:40,(anonymous_3)
FN:68,(anonymous_4)
FN:79,(anonymous_5)
FNF:6
FNH:5
FNDA:3,ListTable
FNDA:3,(anonymous_1)
FNDA:3,(anonymous_2)
FNDA:1,(anonymous_3)
FNDA:1,(anonymous_4)
FNDA:0,(anonymous_5)
DA:8,3
DA:14,3
DA:30,3
DA:33,3
DA:41,1
DA:68,1
DA:79,0
LF:7
LH:6
BRDA:47,0,0,3
BRDA:47,0,1,3
BRDA:48,1,0,3
BRDA:48,1,1,3
BRDA:49,2,0,3
BRDA:49,2,1,3
BRDA:50,3,0,3
BRDA:50,3,1,3
BRDA:51,4,0,3
BRDA:51,4,1,3
BRDA:53,5,0,3
BRDA:53,5,1,0
BRDA:54,6,0,3
BRDA:54,6,1,0
BRDA:57,7,0,3
BRDA:57,7,1,0
BRDA:60,8,0,3
BRDA:60,8,1,0
BRDA:63,9,0,3
BRDA:63,9,1,0
BRDA:78,10,0,3
BRDA:78,10,1,3
BRF:22
BRH:17
end_of_record
TN:
SF:src/NewItem.js
FN:6,NewItem
FN:11,(anonymous_1)
FN:24,(anonymous_2)
FN:25,(anonymous_3)
FN:27,(anonymous_4)
FN:41,(anonymous_5)
FN:79,(anonymous_6)
FN:95,(anonymous_7)
FN:104,(anonymous_8)
FN:116,(anonymous_9)
FN:141,(anonymous_10)
FN:147,(anonymous_11)
FNF:12
FNH:2
FNDA:3,NewItem
FNDA:0,(anonymous_1)
FNDA:0,(anonymous_2)
FNDA:0,(anonymous_3)
FNDA:0,(anonymous_4)
FNDA:0,(anonymous_5)
FNDA:0,(anonymous_6)
FNDA:0,(anonymous_7)
FNDA:0,(anonymous_8)
FNDA:0,(anonymous_9)
FNDA:0,(anonymous_10)
FNDA:3,(anonymous_11)
DA:7,3
DA:8,3
DA:9,3
DA:11,3
DA:12,0
DA:17,0
DA:18,0
DA:24,3
DA:25,3
DA:27,3
DA:28,0
DA:29,0
DA:31,0
DA:32,0
DA:33,0
DA:34,0
DA:35,0
DA:36,0
DA:38,0
DA:41,3
DA:42,0
DA:44,0
DA:45,0
DA:46,0
DA:48,0
DA:49,0
DA:58,0
DA:62,3
DA:79,0
DA:95,0
DA:104,0
DA:116,0
DA:141,0
DA:148,3
LF:34
LH:10
BRDA:17,0,0,0
BRDA:17,0,1,0
BRDA:31,1,0,0
BRDA:31,1,1,0
BRDA:31,2,0,0
BRDA:31,2,1,0
BRDA:32,3,0,0
BRDA:32,3,1,0
BRDA:32,4,0,0
BRDA:32,4,1,0
BRDA:33,5,0,0
BRDA:33,5,1,0
BRDA:33,6,0,0
BRDA:33,6,1,0
BRDA:35,7,0,0
BRDA:35,7,1,0
BRDA:35,8,0,0
BRDA:35,8,1,0
BRDA:45,9,0,0
BRDA:45,9,1,0
BRF:20
BRH:0
end_of_record
